<?xml version="1.0" encoding="UTF-8"?>
<testsuite xmlns:xsi="http://www.w3.org/2001/XMLSchema-instance" xsi:noNamespaceSchemaLocation="https://maven.apache.org/surefire/maven-surefire-plugin/xsd/surefire-test-report.xsd" version="3.0.1" name="fr.uga.im2ag.m1info.tp1.GraphTest" time="0.049" tests="2" errors="0" skipped="0" failures="0">
  <properties>
[...]
</properties>
  <testcase name="testAddVertexAndEdges" classname="fr.uga.im2ag.m1info.tp1.GraphTest" time="0.03">
    <system-out><![CDATA[digraph {
	A -> B [ label=3 ]
}
]]></system-out>
  </testcase>
  <testcase name="testGraphNoEdges" classname="fr.uga.im2ag.m1info.tp1.GraphTest" time="0.001"/>
</testsuite>